
::group::Analyzing Codebase for Update Risk
Usage scores calculated.
::endgroup::
INFO: Unpinned requirements detected. Bootstrapping a new baseline...

::group::BOOTSTRAP: Establishing a Stable Baseline
Unpinned requirements detected. Creating and validating a stable baseline...
--> Bootstrap Step 1: Installing dependencies from 'requirements.txt'...
--> Running command: '/home/runner/work/pytorch_geometric_AURA/pytorch_geometric_AURA/bootstrap_venv/bin/python -m pip install --no-build-isolation --no-cache-dir -r /home/runner/work/pytorch_geometric_AURA/pytorch_geometric_AURA/requirements.txt' in CWD: '.'
Action: Baseline broken. Activating 'Unpin and Bootstrap' repair strategy.
::endgroup::

::group::REPAIR MODE: stripping all version constraints
--> Step 1: Extracting package names from broken requirements file...
--> Step 2: Overwriting 'requirements.txt' with unpinned packages.

--> Step 3: Retrying bootstrap with clean slate...
::endgroup::

::group::BOOTSTRAP: Establishing a Stable Baseline
RETRY MODE: Attempting bootstrap with ALL version constraints removed...
--> Bootstrap Step 1: Installing dependencies from 'requirements.txt'...
--> Running command: '/home/runner/work/pytorch_geometric_AURA/pytorch_geometric_AURA/bootstrap_venv/bin/python -m pip install --no-build-isolation --no-cache-dir -r /home/runner/work/pytorch_geometric_AURA/pytorch_geometric_AURA/requirements.txt' in CWD: '.'

::group::View Failure Log
Failed to install dependencies:   error: subprocess-exited-with-error
  
  × Preparing metadata (pyproject.toml) did not run successfully.
  │ exit code: 1
  ╰─> [17 lines of output]
      Traceback (most recent call last):
        File "/home/runner/work/pytorch_geometric_AURA/pytorch_geometric_AURA/bootstrap_venv/lib/python3.11/site-packages/pip/_vendor/pyproject_hooks/_in_process/_in_process.py", line 353, in <module>
          main()
        File "/home/runner/work/pytorch_geometric_AURA/pytorch_geometric_AURA/bootstrap_venv/lib/python3.11/site-packages/pip/_vendor/pyproject_hooks/_in_process/_in_process.py", line 335, in main
          json_out['return_val'] = hook(**hook_input['kwargs'])
                                   ^^^^^^^^^^^^^^^^^^^^^^^^^^^^
        File "/home/runner/work/pytorch_geometric_AURA/pytorch_geometric_AURA/bootstrap_venv/lib/python3.11/site-packages/pip/_vendor/pyproject_hooks/_in_process/_in_process.py", line 149, in prepare_metadata_for_build_wheel
          return hook(metadata_directory, config_settings)
                 ^^^^^^^^^^^^^^^^^^^^^^^^^^^^^^^^^^^^^^^^^
        File "/home/runner/work/pytorch_geometric_AURA/pytorch_geometric_AURA/bootstrap_venv/lib/python3.11/site-packages/setuptools/build_meta.py", line 374, in prepare_metadata_for_build_wheel
          self.run_setup()
        File "/home/runner/work/pytorch_geometric_AURA/pytorch_geometric_AURA/bootstrap_venv/lib/python3.11/site-packages/setuptools/build_meta.py", line 512, in run_setup
          super().run_setup(setup_script=setup_script)
        File "/home/runner/work/pytorch_geometric_AURA/pytorch_geometric_AURA/bootstrap_venv/lib/python3.11/site-packages/setuptools/build_meta.py", line 317, in run_setup
          exec(code, locals())
        File "<string>", line 8, in <module>
      ModuleNotFoundError: No module named 'torch'
      [end of output]
  
  note: This error originates from a subprocess, and is likely not a problem with pip.
error: metadata-generation-failed

× Encountered error while generating package metadata.
╰─> See above for output.

note: This is an issue with the package mentioned above, not pip.
hint: See above for details.

[notice] A new release of pip is available: 24.0 -> 26.0
[notice] To update, run: /home/runner/work/pytorch_geometric_AURA/pytorch_geometric_AURA/bootstrap_venv/bin/python -m pip install --upgrade pip

::endgroup::
